(100, 64)
(100, 1, 1, 64)
(100, 64)
(100, 64)
(100, 1, 1, 64)
(100, 64)
disc 0.997
disc 0.994
disc 0.991
disc 0.988
disc 0.985
disc 0.982
disc 0.979
disc 0.976
disc 0.973
disc 0.97
disc 0.967
disc 0.964
disc 0.961
disc 0.958
disc 0.955
disc 0.952
disc 0.949
disc 0.946
disc 0.943
disc 0.94
disc 0.9369999999999999
disc 0.9339999999999999
disc 0.9309999999999999
disc 0.9279999999999999
disc 0.9249999999999999
disc 0.9219999999999999
disc 0.9189999999999999
disc 0.9159999999999999
disc 0.9129999999999999
disc 0.9099999999999999
disc 0.9069999999999999
disc 0.9039999999999999
disc 0.9009999999999999
disc 0.8979999999999999
disc 0.8949999999999999
disc 0.8919999999999999
disc 0.8889999999999999
disc 0.8859999999999999
disc 0.8829999999999999
disc 0.8799999999999999
disc 0.8769999999999999
disc 0.8739999999999999
disc 0.8709999999999999
disc 0.8679999999999999
disc 0.8649999999999999
disc 0.8619999999999999
disc 0.8589999999999999
disc 0.8559999999999999
disc 0.8529999999999999
disc 0.8499999999999999
disc 0.8469999999999999
disc 0.8439999999999999
disc 0.8409999999999999
disc 0.8379999999999999
disc 0.8349999999999999
disc 0.8319999999999999
disc 0.8289999999999998
disc 0.8259999999999998
disc 0.8229999999999998
disc 0.8199999999999998
disc 0.8169999999999998
disc 0.8139999999999998
disc 0.8109999999999998
disc 0.8079999999999998
disc 0.8049999999999998
disc 0.8019999999999998
disc 0.7989999999999998
disc 0.7959999999999998
disc 0.7929999999999998
disc 0.7899999999999998
disc 0.7869999999999998
disc 0.7839999999999998
disc 0.7809999999999998
disc 0.7779999999999998
disc 0.7749999999999998
disc 0.7719999999999998
disc 0.7689999999999998
disc 0.7659999999999998
disc 0.7629999999999998
disc 0.7599999999999998
disc 0.7569999999999998
disc 0.7539999999999998
disc 0.7509999999999998
disc 0.7479999999999998
disc 0.7449999999999998
disc 0.7419999999999998
disc 0.7389999999999998
disc 0.7359999999999998
disc 0.7329999999999998
disc 0.7299999999999998
disc 0.7269999999999998
disc 0.7239999999999998
disc 0.7209999999999998
disc 0.7179999999999997
disc 0.7149999999999997
disc 0.7119999999999997
disc 0.7089999999999997
disc 0.7059999999999997
disc 0.7029999999999997
disc 0.6999999999999997
disc 0.6969999999999997
gen 0.6999999999999997
gen 0.7029999999999997
gen 0.7059999999999997
gen 0.7089999999999997
disc 0.7059999999999997
disc 0.7029999999999997
disc 0.6999999999999997
disc 0.6969999999999997
gen 0.6999999999999997
gen 0.7029999999999997
disc 0.6999999999999997
disc 0.6969999999999997
disc 0.6939999999999997
disc 0.6909999999999997
disc 0.6879999999999997
disc 0.6849999999999997
disc 0.6819999999999997
disc 0.6789999999999997
disc 0.6759999999999997
disc 0.6729999999999997
disc 0.6699999999999997
disc 0.6669999999999997
disc 0.6639999999999997
disc 0.6609999999999997
disc 0.6579999999999997
gen 0.6609999999999997
gen 0.6639999999999997
gen 0.6669999999999997
gen 0.6699999999999997
gen 0.6729999999999997
gen 0.6759999999999997
gen 0.6789999999999997
gen 0.6819999999999997
gen 0.6849999999999997
gen 0.6879999999999997
gen 0.6909999999999997
disc 0.6879999999999997
gen 0.6909999999999997
disc 0.6879999999999997
disc 0.6849999999999997
gen 0.6879999999999997
gen 0.6909999999999997
gen 0.6939999999999997
disc 0.6909999999999997
disc 0.6879999999999997
disc 0.6849999999999997
disc 0.6819999999999997
gen 0.6849999999999997
gen 0.6879999999999997
gen 0.6909999999999997
gen 0.6939999999999997
gen 0.6969999999999997
gen 0.6999999999999997
gen 0.7029999999999997
disc 0.6999999999999997
gen 0.7029999999999997
disc 0.6999999999999997
gen 0.7029999999999997
gen 0.7059999999999997
gen 0.7089999999999997
gen 0.7119999999999997
disc 0.7089999999999997
disc 0.7059999999999997
disc 0.7029999999999997
disc 0.6999999999999997
disc 0.6969999999999997
disc 0.6939999999999997
disc 0.6909999999999997
gen 0.6939999999999997
gen 0.6969999999999997
gen 0.6999999999999997
gen 0.7029999999999997
gen 0.7059999999999997
gen 0.7089999999999997
gen 0.7119999999999997
gen 0.7149999999999997
disc 0.7119999999999997
gen 0.7149999999999997
gen 0.7179999999999997
disc 0.7149999999999997
gen 0.7179999999999997
gen 0.7209999999999998
disc 0.7179999999999997
disc 0.7149999999999997
gen 0.7179999999999997
gen 0.7209999999999998
disc 0.7179999999999997
gen 0.7209999999999998
disc 0.7179999999999997
gen 0.7209999999999998
gen 0.7239999999999998
disc 0.7209999999999998
gen 0.7239999999999998
disc 0.7209999999999998
gen 0.7239999999999998
disc 0.7209999999999998
gen 0.7239999999999998
disc 0.7209999999999998
gen 0.7239999999999998
disc 0.7209999999999998
gen 0.7239999999999998
disc 0.7209999999999998
gen 0.7239999999999998
disc 0.7209999999999998
disc 0.7179999999999997
gen 0.7209999999999998
disc 0.7179999999999997
gen 0.7209999999999998
disc 0.7179999999999997
gen 0.7209999999999998
disc 0.7179999999999997
gen 0.7209999999999998
disc 0.7179999999999997
gen 0.7209999999999998
disc 0.7179999999999997
gen 0.7209999999999998
disc 0.7179999999999997
gen 0.7209999999999998
disc 0.7179999999999997
gen 0.7209999999999998
disc 0.7179999999999997
gen 0.7209999999999998
disc 0.7179999999999997
gen 0.7209999999999998
disc 0.7179999999999997
gen 0.7209999999999998
disc 0.7179999999999997
gen 0.7209999999999998
disc 0.7179999999999997
gen 0.7209999999999998
disc 0.7179999999999997
gen 0.7209999999999998
disc 0.7179999999999997
gen 0.7209999999999998
disc 0.7179999999999997
gen 0.7209999999999998
disc 0.7179999999999997
gen 0.7209999999999998
disc 0.7179999999999997
gen 0.7209999999999998
disc 0.7179999999999997
gen 0.7209999999999998
disc 0.7179999999999997
gen 0.7209999999999998
disc 0.7179999999999997
gen 0.7209999999999998
disc 0.7179999999999997
gen 0.7209999999999998
disc 0.7179999999999997
gen 0.7209999999999998
disc 0.7179999999999997
gen 0.7209999999999998
disc 0.7179999999999997
gen 0.7209999999999998
disc 0.7179999999999997
gen 0.7209999999999998
disc 0.7179999999999997
gen 0.7209999999999998
disc 0.7179999999999997
disc 0.7149999999999997
gen 0.7179999999999997
disc 0.7149999999999997
gen 0.7179999999999997
disc 0.7149999999999997
gen 0.7179999999999997
disc 0.7149999999999997
gen 0.7179999999999997
disc 0.7149999999999997
gen 0.7179999999999997
disc 0.7149999999999997
gen 0.7179999999999997
disc 0.7149999999999997
disc 0.7119999999999997
gen 0.7149999999999997
disc 0.7119999999999997
gen 0.7149999999999997
disc 0.7119999999999997
Epoch: [ 0] [ 298/ 600] time: 25.7207, 
D_real:  0.723935
D_fake:  0.67371315
G_err:  0.71298516
sigloss:  0.2143457
gen 0.7149999999999997
disc 0.7119999999999997
disc 0.7089999999999997
gen 0.7119999999999997
disc 0.7089999999999997
gen 0.7119999999999997
disc 0.7089999999999997
gen 0.7119999999999997
disc 0.7089999999999997
gen 0.7119999999999997
disc 0.7089999999999997
gen 0.7119999999999997
disc 0.7089999999999997
disc 0.7059999999999997
gen 0.7089999999999997
disc 0.7059999999999997
gen 0.7089999999999997
disc 0.7059999999999997
gen 0.7089999999999997
disc 0.7059999999999997
gen 0.7089999999999997
disc 0.7059999999999997
gen 0.7089999999999997
disc 0.7059999999999997
gen 0.7089999999999997
disc 0.7059999999999997
gen 0.7089999999999997
disc 0.7059999999999997
disc 0.7029999999999997
gen 0.7059999999999997
disc 0.7029999999999997
gen 0.7059999999999997
disc 0.7029999999999997
gen 0.7059999999999997
disc 0.7029999999999997
gen 0.7059999999999997
disc 0.7029999999999997
gen 0.7059999999999997
disc 0.7029999999999997
gen 0.7059999999999997
disc 0.7029999999999997
gen 0.7059999999999997
disc 0.7029999999999997
gen 0.7059999999999997
disc 0.7029999999999997
gen 0.7059999999999997
disc 0.7029999999999997
gen 0.7059999999999997
disc 0.7029999999999997
gen 0.7059999999999997
disc 0.7029999999999997
gen 0.7059999999999997
disc 0.7029999999999997
gen 0.7059999999999997
disc 0.7029999999999997
gen 0.7059999999999997
disc 0.7029999999999997
gen 0.7059999999999997
disc 0.7029999999999997
gen 0.7059999999999997
disc 0.7029999999999997
disc 0.6999999999999997
gen 0.7029999999999997
disc 0.6999999999999997
gen 0.7029999999999997
disc 0.6999999999999997
gen 0.7029999999999997
disc 0.6999999999999997
gen 0.7029999999999997
disc 0.6999999999999997
gen 0.7029999999999997
disc 0.6999999999999997
gen 0.7029999999999997
disc 0.6999999999999997
gen 0.7029999999999997
disc 0.6999999999999997
gen 0.7029999999999997
disc 0.6999999999999997
gen 0.7029999999999997
disc 0.6999999999999997
gen 0.7029999999999997
disc 0.6999999999999997
gen 0.7029999999999997
disc 0.6999999999999997
gen 0.7029999999999997
disc 0.6999999999999997
gen 0.7029999999999997
disc 0.6999999999999997
gen 0.7029999999999997
disc 0.6999999999999997
gen 0.7029999999999997
disc 0.6999999999999997
gen 0.7029999999999997
disc 0.6999999999999997
gen 0.7029999999999997
disc 0.6999999999999997
gen 0.7029999999999997
disc 0.6999999999999997
gen 0.7029999999999997
disc 0.6999999999999997
gen 0.7029999999999997
disc 0.6999999999999997
gen 0.7029999999999997
disc 0.6999999999999997
gen 0.7029999999999997
disc 0.6999999999999997
gen 0.7029999999999997
disc 0.6999999999999997
gen 0.7029999999999997
disc 0.6999999999999997
gen 0.7029999999999997
disc 0.6999999999999997
gen 0.7029999999999997
disc 0.6999999999999997
gen 0.7029999999999997
disc 0.6999999999999997
gen 0.7029999999999997
disc 0.6999999999999997
gen 0.7029999999999997
disc 0.6999999999999997
gen 0.7029999999999997
disc 0.6999999999999997
gen 0.7029999999999997
disc 0.6999999999999997
gen 0.7029999999999997
disc 0.6999999999999997
gen 0.7029999999999997
disc 0.6999999999999997
gen 0.7029999999999997
disc 0.6999999999999997
gen 0.7029999999999997
disc 0.6999999999999997
gen 0.7029999999999997
disc 0.6999999999999997
gen 0.7029999999999997
disc 0.6999999999999997
gen 0.7029999999999997
disc 0.6999999999999997
gen 0.7029999999999997
disc 0.6999999999999997
gen 0.7029999999999997
disc 0.6999999999999997
gen 0.7029999999999997
disc 0.6999999999999997
gen 0.7029999999999997
disc 0.6999999999999997
gen 0.7029999999999997
disc 0.6999999999999997
gen 0.7029999999999997
disc 0.6999999999999997
gen 0.7029999999999997
disc 0.6999999999999997
gen 0.7029999999999997
disc 0.6999999999999997
gen 0.7029999999999997
disc 0.6999999999999997
gen 0.7029999999999997
disc 0.6999999999999997
gen 0.7029999999999997
disc 0.6999999999999997
gen 0.7029999999999997
disc 0.6999999999999997
gen 0.7029999999999997
disc 0.6999999999999997
gen 0.7029999999999997
disc 0.6999999999999997
gen 0.7029999999999997
disc 0.6999999999999997
gen 0.7029999999999997
disc 0.6999999999999997
gen 0.7029999999999997
disc 0.6999999999999997
gen 0.7029999999999997
gen 0.7059999999999997
disc 0.7029999999999997
gen 0.7059999999999997
disc 0.7029999999999997
gen 0.7059999999999997
disc 0.7029999999999997
gen 0.7059999999999997
disc 0.7029999999999997
gen 0.7059999999999997
disc 0.7029999999999997
gen 0.7059999999999997
disc 0.7029999999999997
gen 0.7059999999999997
disc 0.7029999999999997
gen 0.7059999999999997
disc 0.7029999999999997
gen 0.7059999999999997
disc 0.7029999999999997
gen 0.7059999999999997
disc 0.7029999999999997
gen 0.7059999999999997
disc 0.7029999999999997
gen 0.7059999999999997
disc 0.7029999999999997
gen 0.7059999999999997
disc 0.7029999999999997
gen 0.7059999999999997
disc 0.7029999999999997
gen 0.7059999999999997
disc 0.7029999999999997
gen 0.7059999999999997
disc 0.7029999999999997
gen 0.7059999999999997
disc 0.7029999999999997
gen 0.7059999999999997
disc 0.7029999999999997
gen 0.7059999999999997
disc 0.7029999999999997
gen 0.7059999999999997
disc 0.7029999999999997
gen 0.7059999999999997
disc 0.7029999999999997
gen 0.7059999999999997
disc 0.7029999999999997
gen 0.7059999999999997
disc 0.7029999999999997
gen 0.7059999999999997
disc 0.7029999999999997
gen 0.7059999999999997
disc 0.7029999999999997
gen 0.7059999999999997
disc 0.7029999999999997
gen 0.7059999999999997
disc 0.7029999999999997
gen 0.7059999999999997
disc 0.7029999999999997
gen 0.7059999999999997
gen 0.7089999999999997
disc 0.7059999999999997
gen 0.7089999999999997
disc 0.7059999999999997
gen 0.7089999999999997
disc 0.7059999999999997
gen 0.7089999999999997
disc 0.7059999999999997
gen 0.7089999999999997
disc 0.7059999999999997
gen 0.7089999999999997
disc 0.7059999999999997
gen 0.7089999999999997
disc 0.7059999999999997
gen 0.7089999999999997
disc 0.7059999999999997
gen 0.7089999999999997
disc 0.7059999999999997
gen 0.7089999999999997
disc 0.7059999999999997
gen 0.7089999999999997
disc 0.7059999999999997
gen 0.7089999999999997
disc 0.7059999999999997
gen 0.7089999999999997
disc 0.7059999999999997
gen 0.7089999999999997
disc 0.7059999999999997
gen 0.7089999999999997
disc 0.7059999999999997
gen 0.7089999999999997
disc 0.7059999999999997
gen 0.7089999999999997
disc 0.7059999999999997
gen 0.7089999999999997
disc 0.7059999999999997
gen 0.7089999999999997
disc 0.7059999999999997
gen 0.7089999999999997
disc 0.7059999999999997
gen 0.7089999999999997
disc 0.7059999999999997
gen 0.7089999999999997
disc 0.7059999999999997
gen 0.7089999999999997
disc 0.7059999999999997
gen 0.7089999999999997
disc 0.7059999999999997
gen 0.7089999999999997
disc 0.7059999999999997
gen 0.7089999999999997
disc 0.7059999999999997
gen 0.7089999999999997
disc 0.7059999999999997
gen 0.7089999999999997
disc 0.7059999999999997
gen 0.7089999999999997
disc 0.7059999999999997
gen 0.7089999999999997
disc 0.7059999999999997
gen 0.7089999999999997
disc 0.7059999999999997
gen 0.7089999999999997
disc 0.7059999999999997
gen 0.7089999999999997
disc 0.7059999999999997
gen 0.7089999999999997
disc 0.7059999999999997
Epoch: [ 0] [ 598/ 600] time: 47.9679, 
D_real:  0.7166609
D_fake:  0.67879516
G_err:  0.7077187
sigloss:  0.21112858
gen 0.7089999999999997
disc 0.7059999999999997
gen 0.7089999999999997
disc 0.7059999999999997
gen 0.7089999999999997
disc 0.7059999999999997
gen 0.7089999999999997
disc 0.7059999999999997
gen 0.7089999999999997
disc 0.7059999999999997
gen 0.7089999999999997
disc 0.7059999999999997
gen 0.7089999999999997
disc 0.7059999999999997
gen 0.7089999999999997
disc 0.7059999999999997
gen 0.7089999999999997
disc 0.7059999999999997
gen 0.7089999999999997
disc 0.7059999999999997
gen 0.7089999999999997
disc 0.7059999999999997
gen 0.7089999999999997
disc 0.7059999999999997
gen 0.7089999999999997
disc 0.7059999999999997
gen 0.7089999999999997
disc 0.7059999999999997
gen 0.7089999999999997
disc 0.7059999999999997
gen 0.7089999999999997
disc 0.7059999999999997
gen 0.7089999999999997
disc 0.7059999999999997
gen 0.7089999999999997
disc 0.7059999999999997
gen 0.7089999999999997
disc 0.7059999999999997
gen 0.7089999999999997
disc 0.7059999999999997
gen 0.7089999999999997
disc 0.7059999999999997
gen 0.7089999999999997
disc 0.7059999999999997
gen 0.7089999999999997
disc 0.7059999999999997
gen 0.7089999999999997
disc 0.7059999999999997
gen 0.7089999999999997
disc 0.7059999999999997
gen 0.7089999999999997
disc 0.7059999999999997
gen 0.7089999999999997
disc 0.7059999999999997
gen 0.7089999999999997
disc 0.7059999999999997
gen 0.7089999999999997
disc 0.7059999999999997
gen 0.7089999999999997
disc 0.7059999999999997
gen 0.7089999999999997
disc 0.7059999999999997
gen 0.7089999999999997
disc 0.7059999999999997
gen 0.7089999999999997
disc 0.7059999999999997
gen 0.7089999999999997
disc 0.7059999999999997
gen 0.7089999999999997
disc 0.7059999999999997
gen 0.7089999999999997
disc 0.7059999999999997
gen 0.7089999999999997
disc 0.7059999999999997
gen 0.7089999999999997
disc 0.7059999999999997
gen 0.7089999999999997
disc 0.7059999999999997
gen 0.7089999999999997
disc 0.7059999999999997
gen 0.7089999999999997
disc 0.7059999999999997
gen 0.7089999999999997
disc 0.7059999999999997
gen 0.7089999999999997
disc 0.7059999999999997
gen 0.7089999999999997
disc 0.7059999999999997
gen 0.7089999999999997
disc 0.7059999999999997
gen 0.7089999999999997
disc 0.7059999999999997
gen 0.7089999999999997
disc 0.7059999999999997
gen 0.7089999999999997
disc 0.7059999999999997
gen 0.7089999999999997
disc 0.7059999999999997
gen 0.7089999999999997
disc 0.7059999999999997
gen 0.7089999999999997
disc 0.7059999999999997
gen 0.7089999999999997
disc 0.7059999999999997
gen 0.7089999999999997
disc 0.7059999999999997
gen 0.7089999999999997
disc 0.7059999999999997
gen 0.7089999999999997
disc 0.7059999999999997
gen 0.7089999999999997
disc 0.7059999999999997
gen 0.7089999999999997
disc 0.7059999999999997
gen 0.7089999999999997
disc 0.7059999999999997
gen 0.7089999999999997
disc 0.7059999999999997
gen 0.7089999999999997
disc 0.7059999999999997
gen 0.7089999999999997
disc 0.7059999999999997
gen 0.7089999999999997
disc 0.7059999999999997
gen 0.7089999999999997
disc 0.7059999999999997
gen 0.7089999999999997
disc 0.7059999999999997
gen 0.7089999999999997
disc 0.7059999999999997
gen 0.7089999999999997
disc 0.7059999999999997
gen 0.7089999999999997
disc 0.7059999999999997
gen 0.7089999999999997
disc 0.7059999999999997
gen 0.7089999999999997
disc 0.7059999999999997
gen 0.7089999999999997
disc 0.7059999999999997
gen 0.7089999999999997
disc 0.7059999999999997
gen 0.7089999999999997
gen 0.7119999999999997
disc 0.7089999999999997
gen 0.7119999999999997
disc 0.7089999999999997
gen 0.7119999999999997
disc 0.7089999999999997
gen 0.7119999999999997
disc 0.7089999999999997
gen 0.7119999999999997
disc 0.7089999999999997
gen 0.7119999999999997
disc 0.7089999999999997
gen 0.7119999999999997
disc 0.7089999999999997
gen 0.7119999999999997
disc 0.7089999999999997
gen 0.7119999999999997
disc 0.7089999999999997
gen 0.7119999999999997
disc 0.7089999999999997
gen 0.7119999999999997
disc 0.7089999999999997
gen 0.7119999999999997
disc 0.7089999999999997
gen 0.7119999999999997
disc 0.7089999999999997
gen 0.7119999999999997
disc 0.7089999999999997
gen 0.7119999999999997
disc 0.7089999999999997
gen 0.7119999999999997
disc 0.7089999999999997
gen 0.7119999999999997
disc 0.7089999999999997
gen 0.7119999999999997
disc 0.7089999999999997
gen 0.7119999999999997
disc 0.7089999999999997
gen 0.7119999999999997
disc 0.7089999999999997
gen 0.7119999999999997
disc 0.7089999999999997
gen 0.7119999999999997
disc 0.7089999999999997
gen 0.7119999999999997
disc 0.7089999999999997
gen 0.7119999999999997
disc 0.7089999999999997
gen 0.7119999999999997
disc 0.7089999999999997
gen 0.7119999999999997
disc 0.7089999999999997
gen 0.7119999999999997
disc 0.7089999999999997
gen 0.7119999999999997
disc 0.7089999999999997
gen 0.7119999999999997
disc 0.7089999999999997
gen 0.7119999999999997
disc 0.7089999999999997
gen 0.7119999999999997
disc 0.7089999999999997
gen 0.7119999999999997
disc 0.7089999999999997
gen 0.7119999999999997
disc 0.7089999999999997
gen 0.7119999999999997
disc 0.7089999999999997
gen 0.7119999999999997
disc 0.7089999999999997
gen 0.7119999999999997
disc 0.7089999999999997
gen 0.7119999999999997
disc 0.7089999999999997
gen 0.7119999999999997
disc 0.7089999999999997
gen 0.7119999999999997
disc 0.7089999999999997
gen 0.7119999999999997
disc 0.7089999999999997
gen 0.7119999999999997
disc 0.7089999999999997
gen 0.7119999999999997
disc 0.7089999999999997
gen 0.7119999999999997
disc 0.7089999999999997
gen 0.7119999999999997
disc 0.7089999999999997
gen 0.7119999999999997
disc 0.7089999999999997
gen 0.7119999999999997
disc 0.7089999999999997
gen 0.7119999999999997
disc 0.7089999999999997
gen 0.7119999999999997
disc 0.7089999999999997
gen 0.7119999999999997
disc 0.7089999999999997
gen 0.7119999999999997
disc 0.7089999999999997
gen 0.7119999999999997
disc 0.7089999999999997
gen 0.7119999999999997
disc 0.7089999999999997
gen 0.7119999999999997
disc 0.7089999999999997
gen 0.7119999999999997
disc 0.7089999999999997
gen 0.7119999999999997
disc 0.7089999999999997
gen 0.7119999999999997
disc 0.7089999999999997
gen 0.7119999999999997
disc 0.7089999999999997
gen 0.7119999999999997
disc 0.7089999999999997
gen 0.7119999999999997
disc 0.7089999999999997
gen 0.7119999999999997
disc 0.7089999999999997
gen 0.7119999999999997
disc 0.7089999999999997
gen 0.7119999999999997
disc 0.7089999999999997
gen 0.7119999999999997
disc 0.7089999999999997
gen 0.7119999999999997
disc 0.7089999999999997
gen 0.7119999999999997
disc 0.7089999999999997
gen 0.7119999999999997
disc 0.7089999999999997
gen 0.7119999999999997
disc 0.7089999999999997
gen 0.7119999999999997
disc 0.7089999999999997
gen 0.7119999999999997
disc 0.7089999999999997
gen 0.7119999999999997
disc 0.7089999999999997
gen 0.7119999999999997
disc 0.7089999999999997
gen 0.7119999999999997
disc 0.7089999999999997
gen 0.7119999999999997
disc 0.7089999999999997
gen 0.7119999999999997
disc 0.7089999999999997
gen 0.7119999999999997
disc 0.7089999999999997
gen 0.7119999999999997
disc 0.7089999999999997
gen 0.7119999999999997
disc 0.7089999999999997
gen 0.7119999999999997
disc 0.7089999999999997
Epoch: [ 1] [ 298/ 600] time: 70.3848, 
D_real:  0.71937823
D_fake:  0.67605937
G_err:  0.71054244
sigloss:  0.17756592
gen 0.7119999999999997
disc 0.7089999999999997
gen 0.7119999999999997
disc 0.7089999999999997
gen 0.7119999999999997
disc 0.7089999999999997
gen 0.7119999999999997
disc 0.7089999999999997
gen 0.7119999999999997
disc 0.7089999999999997
gen 0.7119999999999997
disc 0.7089999999999997
gen 0.7119999999999997
disc 0.7089999999999997
gen 0.7119999999999997
disc 0.7089999999999997
gen 0.7119999999999997
disc 0.7089999999999997
gen 0.7119999999999997
disc 0.7089999999999997
gen 0.7119999999999997
disc 0.7089999999999997
gen 0.7119999999999997
disc 0.7089999999999997
gen 0.7119999999999997
disc 0.7089999999999997
gen 0.7119999999999997
disc 0.7089999999999997
gen 0.7119999999999997
disc 0.7089999999999997
gen 0.7119999999999997
disc 0.7089999999999997
gen 0.7119999999999997
disc 0.7089999999999997
gen 0.7119999999999997
disc 0.7089999999999997
gen 0.7119999999999997
disc 0.7089999999999997
gen 0.7119999999999997
disc 0.7089999999999997
gen 0.7119999999999997
disc 0.7089999999999997
gen 0.7119999999999997
disc 0.7089999999999997
gen 0.7119999999999997
disc 0.7089999999999997
gen 0.7119999999999997
disc 0.7089999999999997
gen 0.7119999999999997
disc 0.7089999999999997
gen 0.7119999999999997
disc 0.7089999999999997
gen 0.7119999999999997
disc 0.7089999999999997
gen 0.7119999999999997
disc 0.7089999999999997
gen 0.7119999999999997
disc 0.7089999999999997
gen 0.7119999999999997
disc 0.7089999999999997
gen 0.7119999999999997
disc 0.7089999999999997
gen 0.7119999999999997
disc 0.7089999999999997
gen 0.7119999999999997
disc 0.7089999999999997
gen 0.7119999999999997
disc 0.7089999999999997
gen 0.7119999999999997
disc 0.7089999999999997
gen 0.7119999999999997
disc 0.7089999999999997
gen 0.7119999999999997
disc 0.7089999999999997
gen 0.7119999999999997
disc 0.7089999999999997
gen 0.7119999999999997
disc 0.7089999999999997
gen 0.7119999999999997
disc 0.7089999999999997
gen 0.7119999999999997
disc 0.7089999999999997
gen 0.7119999999999997
disc 0.7089999999999997
gen 0.7119999999999997
disc 0.7089999999999997
gen 0.7119999999999997
disc 0.7089999999999997
gen 0.7119999999999997
disc 0.7089999999999997
gen 0.7119999999999997
disc 0.7089999999999997
gen 0.7119999999999997
disc 0.7089999999999997
gen 0.7119999999999997
disc 0.7089999999999997
gen 0.7119999999999997
disc 0.7089999999999997
gen 0.7119999999999997
disc 0.7089999999999997
gen 0.7119999999999997
disc 0.7089999999999997
gen 0.7119999999999997
disc 0.7089999999999997
gen 0.7119999999999997
disc 0.7089999999999997
gen 0.7119999999999997
disc 0.7089999999999997
gen 0.7119999999999997
disc 0.7089999999999997
gen 0.7119999999999997
disc 0.7089999999999997
gen 0.7119999999999997
disc 0.7089999999999997
gen 0.7119999999999997
disc 0.7089999999999997
gen 0.7119999999999997
gen 0.7149999999999997
disc 0.7119999999999997
gen 0.7149999999999997
disc 0.7119999999999997
gen 0.7149999999999997
disc 0.7119999999999997
gen 0.7149999999999997
disc 0.7119999999999997
gen 0.7149999999999997
disc 0.7119999999999997
gen 0.7149999999999997
disc 0.7119999999999997
gen 0.7149999999999997
disc 0.7119999999999997
gen 0.7149999999999997
disc 0.7119999999999997
gen 0.7149999999999997
disc 0.7119999999999997
gen 0.7149999999999997
disc 0.7119999999999997
gen 0.7149999999999997
disc 0.7119999999999997
gen 0.7149999999999997
disc 0.7119999999999997
gen 0.7149999999999997
disc 0.7119999999999997
gen 0.7149999999999997
disc 0.7119999999999997
gen 0.7149999999999997
disc 0.7119999999999997
gen 0.7149999999999997
disc 0.7119999999999997
gen 0.7149999999999997
disc 0.7119999999999997
gen 0.7149999999999997
disc 0.7119999999999997
gen 0.7149999999999997
disc 0.7119999999999997
gen 0.7149999999999997
disc 0.7119999999999997
gen 0.7149999999999997
disc 0.7119999999999997
gen 0.7149999999999997
disc 0.7119999999999997
gen 0.7149999999999997
disc 0.7119999999999997
gen 0.7149999999999997
disc 0.7119999999999997
gen 0.7149999999999997
disc 0.7119999999999997
gen 0.7149999999999997
disc 0.7119999999999997
gen 0.7149999999999997
disc 0.7119999999999997
gen 0.7149999999999997
disc 0.7119999999999997
gen 0.7149999999999997
disc 0.7119999999999997
gen 0.7149999999999997
disc 0.7119999999999997
gen 0.7149999999999997
disc 0.7119999999999997
gen 0.7149999999999997
disc 0.7119999999999997
gen 0.7149999999999997
disc 0.7119999999999997
gen 0.7149999999999997
disc 0.7119999999999997
gen 0.7149999999999997
disc 0.7119999999999997
gen 0.7149999999999997
disc 0.7119999999999997
gen 0.7149999999999997
disc 0.7119999999999997
gen 0.7149999999999997
disc 0.7119999999999997
gen 0.7149999999999997
disc 0.7119999999999997
gen 0.7149999999999997
disc 0.7119999999999997
gen 0.7149999999999997
disc 0.7119999999999997
gen 0.7149999999999997
disc 0.7119999999999997
gen 0.7149999999999997
disc 0.7119999999999997
gen 0.7149999999999997
disc 0.7119999999999997
gen 0.7149999999999997
disc 0.7119999999999997
gen 0.7149999999999997
disc 0.7119999999999997
gen 0.7149999999999997
disc 0.7119999999999997
gen 0.7149999999999997
disc 0.7119999999999997
gen 0.7149999999999997
disc 0.7119999999999997
gen 0.7149999999999997
disc 0.7119999999999997
gen 0.7149999999999997
disc 0.7119999999999997
gen 0.7149999999999997
disc 0.7119999999999997
gen 0.7149999999999997
disc 0.7119999999999997
gen 0.7149999999999997
disc 0.7119999999999997
gen 0.7149999999999997
disc 0.7119999999999997
gen 0.7149999999999997
disc 0.7119999999999997
gen 0.7149999999999997
disc 0.7119999999999997
gen 0.7149999999999997
disc 0.7119999999999997
gen 0.7149999999999997
disc 0.7119999999999997
gen 0.7149999999999997
disc 0.7119999999999997
gen 0.7149999999999997
disc 0.7119999999999997
gen 0.7149999999999997
disc 0.7119999999999997
gen 0.7149999999999997
disc 0.7119999999999997
gen 0.7149999999999997
disc 0.7119999999999997
gen 0.7149999999999997
disc 0.7119999999999997
gen 0.7149999999999997
disc 0.7119999999999997
gen 0.7149999999999997
disc 0.7119999999999997
gen 0.7149999999999997
disc 0.7119999999999997
gen 0.7149999999999997
disc 0.7119999999999997
gen 0.7149999999999997
disc 0.7119999999999997
gen 0.7149999999999997
disc 0.7119999999999997
gen 0.7149999999999997
disc 0.7119999999999997
gen 0.7149999999999997
disc 0.7119999999999997
gen 0.7149999999999997
disc 0.7119999999999997
gen 0.7149999999999997
disc 0.7119999999999997
gen 0.7149999999999997
disc 0.7119999999999997
gen 0.7149999999999997
disc 0.7119999999999997
gen 0.7149999999999997
disc 0.7119999999999997
gen 0.7149999999999997
disc 0.7119999999999997
gen 0.7149999999999997
disc 0.7119999999999997
gen 0.7149999999999997
disc 0.7119999999999997
gen 0.7149999999999997
disc 0.7119999999999997
gen 0.7149999999999997
disc 0.7119999999999997
gen 0.7149999999999997
disc 0.7119999999999997
gen 0.7149999999999997
disc 0.7119999999999997
gen 0.7149999999999997
disc 0.7119999999999997
gen 0.7149999999999997
disc 0.7119999999999997
gen 0.7149999999999997
disc 0.7119999999999997
gen 0.7149999999999997
disc 0.7119999999999997
gen 0.7149999999999997
Epoch: [ 1] [ 598/ 600] time: 92.2294, 
D_real:  0.7199272
D_fake:  0.6744126
G_err:  0.71225286
sigloss:  0.13690461
disc 0.7119999999999997
gen 0.7149999999999997
disc 0.7119999999999997
gen 0.7149999999999997
disc 0.7119999999999997
gen 0.7149999999999997
disc 0.7119999999999997
gen 0.7149999999999997
disc 0.7119999999999997
disc 0.7089999999999997
gen 0.7119999999999997
disc 0.7089999999999997
gen 0.7119999999999997
disc 0.7089999999999997
gen 0.7119999999999997
disc 0.7089999999999997
gen 0.7119999999999997
disc 0.7089999999999997
gen 0.7119999999999997
disc 0.7089999999999997
gen 0.7119999999999997
disc 0.7089999999999997
gen 0.7119999999999997
disc 0.7089999999999997
gen 0.7119999999999997
disc 0.7089999999999997
gen 0.7119999999999997
disc 0.7089999999999997
gen 0.7119999999999997
disc 0.7089999999999997
gen 0.7119999999999997
disc 0.7089999999999997
gen 0.7119999999999997
disc 0.7089999999999997
gen 0.7119999999999997
disc 0.7089999999999997
gen 0.7119999999999997
disc 0.7089999999999997
gen 0.7119999999999997
disc 0.7089999999999997
gen 0.7119999999999997
disc 0.7089999999999997
gen 0.7119999999999997
disc 0.7089999999999997
gen 0.7119999999999997
disc 0.7089999999999997
gen 0.7119999999999997
disc 0.7089999999999997
gen 0.7119999999999997
disc 0.7089999999999997
gen 0.7119999999999997
disc 0.7089999999999997
gen 0.7119999999999997
disc 0.7089999999999997
gen 0.7119999999999997
disc 0.7089999999999997
gen 0.7119999999999997
disc 0.7089999999999997
gen 0.7119999999999997
disc 0.7089999999999997
gen 0.7119999999999997
disc 0.7089999999999997
gen 0.7119999999999997
disc 0.7089999999999997
gen 0.7119999999999997
disc 0.7089999999999997
gen 0.7119999999999997
disc 0.7089999999999997
gen 0.7119999999999997
disc 0.7089999999999997
gen 0.7119999999999997
disc 0.7089999999999997
gen 0.7119999999999997
disc 0.7089999999999997
gen 0.7119999999999997
disc 0.7089999999999997
gen 0.7119999999999997
disc 0.7089999999999997
gen 0.7119999999999997
disc 0.7089999999999997
gen 0.7119999999999997
disc 0.7089999999999997
gen 0.7119999999999997
disc 0.7089999999999997
gen 0.7119999999999997
disc 0.7089999999999997
gen 0.7119999999999997
disc 0.7089999999999997
gen 0.7119999999999997
disc 0.7089999999999997
gen 0.7119999999999997
disc 0.7089999999999997
gen 0.7119999999999997
disc 0.7089999999999997
gen 0.7119999999999997
disc 0.7089999999999997
gen 0.7119999999999997
disc 0.7089999999999997
gen 0.7119999999999997
disc 0.7089999999999997
gen 0.7119999999999997
disc 0.7089999999999997
gen 0.7119999999999997
disc 0.7089999999999997
gen 0.7119999999999997
disc 0.7089999999999997
gen 0.7119999999999997
disc 0.7089999999999997
gen 0.7119999999999997
disc 0.7089999999999997
gen 0.7119999999999997
disc 0.7089999999999997
gen 0.7119999999999997
disc 0.7089999999999997
gen 0.7119999999999997
disc 0.7089999999999997
gen 0.7119999999999997
disc 0.7089999999999997
gen 0.7119999999999997
disc 0.7089999999999997
gen 0.7119999999999997
disc 0.7089999999999997
gen 0.7119999999999997
disc 0.7089999999999997
gen 0.7119999999999997
disc 0.7089999999999997
gen 0.7119999999999997
disc 0.7089999999999997
gen 0.7119999999999997
disc 0.7089999999999997
gen 0.7119999999999997
disc 0.7089999999999997
gen 0.7119999999999997
disc 0.7089999999999997
gen 0.7119999999999997
disc 0.7089999999999997
gen 0.7119999999999997
disc 0.7089999999999997
gen 0.7119999999999997
disc 0.7089999999999997
gen 0.7119999999999997
disc 0.7089999999999997
gen 0.7119999999999997
disc 0.7089999999999997
gen 0.7119999999999997
disc 0.7089999999999997
gen 0.7119999999999997
disc 0.7089999999999997
gen 0.7119999999999997
disc 0.7089999999999997
gen 0.7119999999999997
disc 0.7089999999999997
gen 0.7119999999999997
disc 0.7089999999999997
gen 0.7119999999999997
disc 0.7089999999999997
gen 0.7119999999999997
disc 0.7089999999999997
gen 0.7119999999999997
disc 0.7089999999999997
gen 0.7119999999999997
disc 0.7089999999999997
gen 0.7119999999999997
disc 0.7089999999999997
gen 0.7119999999999997
disc 0.7089999999999997
gen 0.7119999999999997
disc 0.7089999999999997
gen 0.7119999999999997
disc 0.7089999999999997
gen 0.7119999999999997
disc 0.7089999999999997
gen 0.7119999999999997
disc 0.7089999999999997
gen 0.7119999999999997
disc 0.7089999999999997
gen 0.7119999999999997
disc 0.7089999999999997
gen 0.7119999999999997
disc 0.7089999999999997
gen 0.7119999999999997
disc 0.7089999999999997
gen 0.7119999999999997
disc 0.7089999999999997
gen 0.7119999999999997
disc 0.7089999999999997
gen 0.7119999999999997
disc 0.7089999999999997
gen 0.7119999999999997
disc 0.7089999999999997
gen 0.7119999999999997
disc 0.7089999999999997
gen 0.7119999999999997
disc 0.7089999999999997
gen 0.7119999999999997
disc 0.7089999999999997
gen 0.7119999999999997
disc 0.7089999999999997
gen 0.7119999999999997
disc 0.7089999999999997
gen 0.7119999999999997
disc 0.7089999999999997
gen 0.7119999999999997
disc 0.7089999999999997
gen 0.7119999999999997
disc 0.7089999999999997
gen 0.7119999999999997
disc 0.7089999999999997
gen 0.7119999999999997
disc 0.7089999999999997
gen 0.7119999999999997
disc 0.7089999999999997
gen 0.7119999999999997
disc 0.7089999999999997
gen 0.7119999999999997
disc 0.7089999999999997
gen 0.7119999999999997
disc 0.7089999999999997
gen 0.7119999999999997
disc 0.7089999999999997
gen 0.7119999999999997
disc 0.7089999999999997
gen 0.7119999999999997
disc 0.7089999999999997
gen 0.7119999999999997
disc 0.7089999999999997
gen 0.7119999999999997
disc 0.7089999999999997
gen 0.7119999999999997
disc 0.7089999999999997
gen 0.7119999999999997
disc 0.7089999999999997
gen 0.7119999999999997
disc 0.7089999999999997
gen 0.7119999999999997
disc 0.7089999999999997
gen 0.7119999999999997
disc 0.7089999999999997
gen 0.7119999999999997
disc 0.7089999999999997
gen 0.7119999999999997
disc 0.7089999999999997
gen 0.7119999999999997
disc 0.7089999999999997
gen 0.7119999999999997
disc 0.7089999999999997
gen 0.7119999999999997
disc 0.7089999999999997
gen 0.7119999999999997
disc 0.7089999999999997
disc 0.7059999999999997
gen 0.7089999999999997
disc 0.7059999999999997
gen 0.7089999999999997
disc 0.7059999999999997
gen 0.7089999999999997
disc 0.7059999999999997
gen 0.7089999999999997
disc 0.7059999999999997
gen 0.7089999999999997
disc 0.7059999999999997
gen 0.7089999999999997
disc 0.7059999999999997
gen 0.7089999999999997
disc 0.7059999999999997
gen 0.7089999999999997
disc 0.7059999999999997
gen 0.7089999999999997
disc 0.7059999999999997
gen 0.7089999999999997
disc 0.7059999999999997
gen 0.7089999999999997
disc 0.7059999999999997
gen 0.7089999999999997
disc 0.7059999999999997
gen 0.7089999999999997
disc 0.7059999999999997
gen 0.7089999999999997
disc 0.7059999999999997
gen 0.7089999999999997
disc 0.7059999999999997
gen 0.7089999999999997
disc 0.7059999999999997
gen 0.7089999999999997
disc 0.7059999999999997
gen 0.7089999999999997
disc 0.7059999999999997
gen 0.7089999999999997
disc 0.7059999999999997
gen 0.7089999999999997
disc 0.7059999999999997
gen 0.7089999999999997
disc 0.7059999999999997
gen 0.7089999999999997
disc 0.7059999999999997
gen 0.7089999999999997
disc 0.7059999999999997
gen 0.7089999999999997
disc 0.7059999999999997
Epoch: [ 2] [ 298/ 600] time: 114.6036, 
D_real:  0.7150662
D_fake:  0.6786527
G_err:  0.70786357
sigloss:  0.09992711
gen 0.7089999999999997
disc 0.7059999999999997
gen 0.7089999999999997
disc 0.7059999999999997
gen 0.7089999999999997
disc 0.7059999999999997
gen 0.7089999999999997
disc 0.7059999999999997
gen 0.7089999999999997
disc 0.7059999999999997
gen 0.7089999999999997
disc 0.7059999999999997
gen 0.7089999999999997
disc 0.7059999999999997
gen 0.7089999999999997
disc 0.7059999999999997
gen 0.7089999999999997
disc 0.7059999999999997
gen 0.7089999999999997
disc 0.7059999999999997
gen 0.7089999999999997
disc 0.7059999999999997
gen 0.7089999999999997
disc 0.7059999999999997
gen 0.7089999999999997
disc 0.7059999999999997
gen 0.7089999999999997
disc 0.7059999999999997
gen 0.7089999999999997
disc 0.7059999999999997
gen 0.7089999999999997
disc 0.7059999999999997
gen 0.7089999999999997
disc 0.7059999999999997
gen 0.7089999999999997
disc 0.7059999999999997
gen 0.7089999999999997
disc 0.7059999999999997
gen 0.7089999999999997
disc 0.7059999999999997
gen 0.7089999999999997
disc 0.7059999999999997
gen 0.7089999999999997
disc 0.7059999999999997
gen 0.7089999999999997
disc 0.7059999999999997
gen 0.7089999999999997
disc 0.7059999999999997
gen 0.7089999999999997
disc 0.7059999999999997
gen 0.7089999999999997
disc 0.7059999999999997
gen 0.7089999999999997
disc 0.7059999999999997
gen 0.7089999999999997
disc 0.7059999999999997
gen 0.7089999999999997
disc 0.7059999999999997
gen 0.7089999999999997
disc 0.7059999999999997
gen 0.7089999999999997
disc 0.7059999999999997
gen 0.7089999999999997
disc 0.7059999999999997
gen 0.7089999999999997
disc 0.7059999999999997
gen 0.7089999999999997
disc 0.7059999999999997
gen 0.7089999999999997
disc 0.7059999999999997
gen 0.7089999999999997
disc 0.7059999999999997
gen 0.7089999999999997
disc 0.7059999999999997
gen 0.7089999999999997
disc 0.7059999999999997
gen 0.7089999999999997
disc 0.7059999999999997
gen 0.7089999999999997
disc 0.7059999999999997
gen 0.7089999999999997
disc 0.7059999999999997
gen 0.7089999999999997
disc 0.7059999999999997
gen 0.7089999999999997
disc 0.7059999999999997
gen 0.7089999999999997
disc 0.7059999999999997
gen 0.7089999999999997
disc 0.7059999999999997
gen 0.7089999999999997
disc 0.7059999999999997
gen 0.7089999999999997
disc 0.7059999999999997
gen 0.7089999999999997
disc 0.7059999999999997
gen 0.7089999999999997
disc 0.7059999999999997
gen 0.7089999999999997
disc 0.7059999999999997
gen 0.7089999999999997
disc 0.7059999999999997
gen 0.7089999999999997
disc 0.7059999999999997
gen 0.7089999999999997
disc 0.7059999999999997
gen 0.7089999999999997
disc 0.7059999999999997
gen 0.7089999999999997
disc 0.7059999999999997
gen 0.7089999999999997
disc 0.7059999999999997
gen 0.7089999999999997
disc 0.7059999999999997
gen 0.7089999999999997
disc 0.7059999999999997
gen 0.7089999999999997
disc 0.7059999999999997
disc 0.7029999999999997
gen 0.7059999999999997
disc 0.7029999999999997
gen 0.7059999999999997
disc 0.7029999999999997
gen 0.7059999999999997
disc 0.7029999999999997
gen 0.7059999999999997
disc 0.7029999999999997
gen 0.7059999999999997
disc 0.7029999999999997
gen 0.7059999999999997
disc 0.7029999999999997
gen 0.7059999999999997
disc 0.7029999999999997
gen 0.7059999999999997
disc 0.7029999999999997
gen 0.7059999999999997
disc 0.7029999999999997
gen 0.7059999999999997
disc 0.7029999999999997
gen 0.7059999999999997
disc 0.7029999999999997
gen 0.7059999999999997
disc 0.7029999999999997
gen 0.7059999999999997
disc 0.7029999999999997
gen 0.7059999999999997
disc 0.7029999999999997
gen 0.7059999999999997
disc 0.7029999999999997
gen 0.7059999999999997
disc 0.7029999999999997
gen 0.7059999999999997
disc 0.7029999999999997
gen 0.7059999999999997
disc 0.7029999999999997
gen 0.7059999999999997
disc 0.7029999999999997
gen 0.7059999999999997
disc 0.7029999999999997
gen 0.7059999999999997
disc 0.7029999999999997
gen 0.7059999999999997
disc 0.7029999999999997
gen 0.7059999999999997
disc 0.7029999999999997
gen 0.7059999999999997
disc 0.7029999999999997
gen 0.7059999999999997
disc 0.7029999999999997
gen 0.7059999999999997
disc 0.7029999999999997
gen 0.7059999999999997
disc 0.7029999999999997
gen 0.7059999999999997
disc 0.7029999999999997
gen 0.7059999999999997
disc 0.7029999999999997
gen 0.7059999999999997
disc 0.7029999999999997
gen 0.7059999999999997
disc 0.7029999999999997
gen 0.7059999999999997
disc 0.7029999999999997
gen 0.7059999999999997
disc 0.7029999999999997
gen 0.7059999999999997
disc 0.7029999999999997
gen 0.7059999999999997
disc 0.7029999999999997
gen 0.7059999999999997
disc 0.7029999999999997
gen 0.7059999999999997
disc 0.7029999999999997
gen 0.7059999999999997
disc 0.7029999999999997
gen 0.7059999999999997
disc 0.7029999999999997
gen 0.7059999999999997
disc 0.7029999999999997
gen 0.7059999999999997
disc 0.7029999999999997
gen 0.7059999999999997
disc 0.7029999999999997
gen 0.7059999999999997
disc 0.7029999999999997
gen 0.7059999999999997
disc 0.7029999999999997
gen 0.7059999999999997
disc 0.7029999999999997
gen 0.7059999999999997
disc 0.7029999999999997
gen 0.7059999999999997
disc 0.7029999999999997
gen 0.7059999999999997
disc 0.7029999999999997
gen 0.7059999999999997
disc 0.7029999999999997
gen 0.7059999999999997
disc 0.7029999999999997
gen 0.7059999999999997
disc 0.7029999999999997
gen 0.7059999999999997
disc 0.7029999999999997
gen 0.7059999999999997
disc 0.7029999999999997
gen 0.7059999999999997
disc 0.7029999999999997
gen 0.7059999999999997
disc 0.7029999999999997
gen 0.7059999999999997
disc 0.7029999999999997
gen 0.7059999999999997
disc 0.7029999999999997
gen 0.7059999999999997
disc 0.7029999999999997
gen 0.7059999999999997
disc 0.7029999999999997
gen 0.7059999999999997
disc 0.7029999999999997
gen 0.7059999999999997
disc 0.7029999999999997
gen 0.7059999999999997
disc 0.7029999999999997
gen 0.7059999999999997
disc 0.7029999999999997
gen 0.7059999999999997
disc 0.7029999999999997
gen 0.7059999999999997
disc 0.7029999999999997
gen 0.7059999999999997
disc 0.7029999999999997
gen 